2025-04-05 22:09:29,912:WARNING:
'cuml' is a soft dependency and not included in the pycaret installation. Please run: `pip install cuml` to install.
2025-04-05 22:09:29,912:WARNING:
'cuml' is a soft dependency and not included in the pycaret installation. Please run: `pip install cuml` to install.
2025-04-05 22:09:29,912:WARNING:
'cuml' is a soft dependency and not included in the pycaret installation. Please run: `pip install cuml` to install.
2025-04-05 22:09:29,912:WARNING:
'cuml' is a soft dependency and not included in the pycaret installation. Please run: `pip install cuml` to install.
2025-04-05 22:09:31,631:INFO:PyCaret AnomalyExperiment
2025-04-05 22:09:31,631:INFO:Logging name: anomaly-default-name
2025-04-05 22:09:31,631:INFO:ML Usecase: MLUsecase.ANOMALY
2025-04-05 22:09:31,631:INFO:version 3.3.2
2025-04-05 22:09:31,631:INFO:Initializing setup()
2025-04-05 22:09:31,631:INFO:self.USI: 2eb4
2025-04-05 22:09:31,631:INFO:self._variable_keys: {'exp_name_log', 'gpu_n_jobs_param', 'n_jobs_param', 'pipeline', 'memory', 'gpu_param', 'seed', 'log_plots_param', 'USI', '_ml_usecase', 'exp_id', 'idx', '_available_plots', 'X', 'data', 'logging_param', 'html_param'}
2025-04-05 22:09:31,631:INFO:Checking environment
2025-04-05 22:09:31,631:INFO:python_version: 3.11.2
2025-04-05 22:09:31,631:INFO:python_build: ('tags/v3.11.2:878ead1', 'Feb  7 2023 16:38:35')
2025-04-05 22:09:31,631:INFO:machine: AMD64
2025-04-05 22:09:31,646:INFO:platform: Windows-10-10.0.22631-SP0
2025-04-05 22:09:31,662:INFO:Memory: svmem(total=25631178752, available=8888233984, percent=65.3, used=16742944768, free=8888233984)
2025-04-05 22:09:31,662:INFO:Physical Core: 4
2025-04-05 22:09:31,662:INFO:Logical Core: 8
2025-04-05 22:09:31,662:INFO:Checking libraries
2025-04-05 22:09:31,662:INFO:System:
2025-04-05 22:09:31,662:INFO:    python: 3.11.2 (tags/v3.11.2:878ead1, Feb  7 2023, 16:38:35) [MSC v.1934 64 bit (AMD64)]
2025-04-05 22:09:31,662:INFO:executable: C:\Users\gilad\AppData\Local\Programs\Python\Python311\python.exe
2025-04-05 22:09:31,662:INFO:   machine: Windows-10-10.0.22631-SP0
2025-04-05 22:09:31,662:INFO:PyCaret required dependencies:
2025-04-05 22:09:31,724:INFO:                 pip: 25.0
2025-04-05 22:09:31,724:INFO:          setuptools: 65.5.0
2025-04-05 22:09:31,724:INFO:             pycaret: 3.3.2
2025-04-05 22:09:31,724:INFO:             IPython: 8.24.0
2025-04-05 22:09:31,724:INFO:          ipywidgets: 8.1.2
2025-04-05 22:09:31,724:INFO:                tqdm: 4.66.1
2025-04-05 22:09:31,724:INFO:               numpy: 1.26.4
2025-04-05 22:09:31,724:INFO:              pandas: 2.1.4
2025-04-05 22:09:31,724:INFO:              jinja2: 3.1.4
2025-04-05 22:09:31,724:INFO:               scipy: 1.11.4
2025-04-05 22:09:31,724:INFO:              joblib: 1.3.2
2025-04-05 22:09:31,724:INFO:             sklearn: 1.4.2
2025-04-05 22:09:31,724:INFO:                pyod: 2.0.4
2025-04-05 22:09:31,724:INFO:            imblearn: 0.13.0
2025-04-05 22:09:31,724:INFO:   category_encoders: 2.7.0
2025-04-05 22:09:31,724:INFO:            lightgbm: 4.6.0
2025-04-05 22:09:31,724:INFO:               numba: 0.58.1
2025-04-05 22:09:31,724:INFO:            requests: 2.31.0
2025-04-05 22:09:31,724:INFO:          matplotlib: 3.7.2
2025-04-05 22:09:31,724:INFO:          scikitplot: 0.3.7
2025-04-05 22:09:31,724:INFO:         yellowbrick: 1.5
2025-04-05 22:09:31,724:INFO:              plotly: 5.24.1
2025-04-05 22:09:31,724:INFO:    plotly-resampler: Not installed
2025-04-05 22:09:31,724:INFO:             kaleido: 0.2.1
2025-04-05 22:09:31,724:INFO:           schemdraw: 0.15
2025-04-05 22:09:31,724:INFO:         statsmodels: 0.14.4
2025-04-05 22:09:31,724:INFO:              sktime: 0.26.0
2025-04-05 22:09:31,724:INFO:               tbats: 1.1.3
2025-04-05 22:09:31,724:INFO:            pmdarima: 2.0.4
2025-04-05 22:09:31,724:INFO:              psutil: 5.9.8
2025-04-05 22:09:31,724:INFO:          markupsafe: 2.1.5
2025-04-05 22:09:31,724:INFO:             pickle5: Not installed
2025-04-05 22:09:31,724:INFO:         cloudpickle: 3.0.0
2025-04-05 22:09:31,724:INFO:         deprecation: 2.1.0
2025-04-05 22:09:31,724:INFO:              xxhash: 3.5.0
2025-04-05 22:09:31,724:INFO:           wurlitzer: Not installed
2025-04-05 22:09:31,724:INFO:PyCaret optional dependencies:
2025-04-05 22:09:31,724:INFO:                shap: 0.47.1
2025-04-05 22:09:31,724:INFO:           interpret: Not installed
2025-04-05 22:09:31,724:INFO:                umap: 0.5.7
2025-04-05 22:09:31,724:INFO:     ydata_profiling: Not installed
2025-04-05 22:09:31,724:INFO:  explainerdashboard: Not installed
2025-04-05 22:09:31,724:INFO:             autoviz: Not installed
2025-04-05 22:09:31,740:INFO:           fairlearn: Not installed
2025-04-05 22:09:31,740:INFO:          deepchecks: Not installed
2025-04-05 22:09:31,740:INFO:             xgboost: Not installed
2025-04-05 22:09:31,740:INFO:            catboost: Not installed
2025-04-05 22:09:31,740:INFO:              kmodes: Not installed
2025-04-05 22:09:31,740:INFO:             mlxtend: Not installed
2025-04-05 22:09:31,740:INFO:       statsforecast: Not installed
2025-04-05 22:09:31,740:INFO:        tune_sklearn: Not installed
2025-04-05 22:09:31,740:INFO:                 ray: Not installed
2025-04-05 22:09:31,740:INFO:            hyperopt: Not installed
2025-04-05 22:09:31,740:INFO:              optuna: Not installed
2025-04-05 22:09:31,740:INFO:               skopt: Not installed
2025-04-05 22:09:31,740:INFO:              mlflow: Not installed
2025-04-05 22:09:31,740:INFO:              gradio: Not installed
2025-04-05 22:09:31,740:INFO:             fastapi: Not installed
2025-04-05 22:09:31,740:INFO:             uvicorn: Not installed
2025-04-05 22:09:31,740:INFO:              m2cgen: Not installed
2025-04-05 22:09:31,740:INFO:           evidently: Not installed
2025-04-05 22:09:31,740:INFO:               fugue: Not installed
2025-04-05 22:09:31,740:INFO:           streamlit: Not installed
2025-04-05 22:09:31,740:INFO:             prophet: Not installed
2025-04-05 22:09:31,740:INFO:None
2025-04-05 22:09:31,740:INFO:Set up data.
2025-04-05 22:09:31,836:INFO:Set up index.
2025-04-05 22:09:31,863:INFO:Assigning column types.
2025-04-05 22:09:32,109:INFO:Engine successfully changes for model 'kmeans' to 'sklearn'.
2025-04-05 22:09:32,188:INFO:Engine successfully changes for model 'dbscan' to 'sklearn'.
2025-04-05 22:09:32,188:INFO:Preparing preprocessing pipeline...
2025-04-05 22:09:32,188:INFO:Set up simple imputation.
2025-04-05 22:09:33,518:INFO:Finished creating preprocessing pipeline.
2025-04-05 22:09:33,518:INFO:Pipeline: Pipeline(memory=FastMemory(location=C:\Users\gilad\AppData\Local\Temp\joblib),
         steps=[('numerical_imputer',
                 TransformerWrapper(include=['timestamp', 'processId',
                                             'threadId', 'parentProcessId',
                                             'userId', 'mountNamespace',
                                             'hostName_ubuntu',
                                             'hostName_ip-10-100-1-217',
                                             'hostName_ip-10-100-1-57',
                                             'hostName_ip-10-100-1-120',
                                             'hostName_ip-10-100-1-28',
                                             'hostName_ip-...
                                             'eventName_openat',
                                             'eventName_security_file_open',
                                             'eventName_connect',
                                             'eventName_fstat',
                                             'eventName_stat',
                                             'eventName_access',
                                             'eventName_cap_capable',
                                             'eventName_lstat',
                                             'eventName_socket',
                                             'eventName_other', 'argsNum', ...],
                                    transformer=SimpleImputer())),
                ('categorical_imputer',
                 TransformerWrapper(include=[],
                                    transformer=SimpleImputer(strategy='most_frequent')))])
2025-04-05 22:09:33,518:INFO:Creating final display dataframe.
2025-04-05 22:09:34,094:INFO:Setup _display_container:                Description                 Value
0               Session id                    42
1      Original data shape          (912862, 34)
2   Transformed data shape          (912862, 34)
3         Numeric features                    34
4               Preprocess                  True
5          Imputation type                simple
6       Numeric imputation                  mean
7   Categorical imputation                  mode
8                 CPU Jobs                    -1
9                  Use GPU                 False
10          Log Experiment                 False
11         Experiment Name  anomaly-default-name
12                     USI                  2eb4
2025-04-05 22:09:34,094:INFO:setup() successfully completed in 2.46s...............
2025-04-05 22:09:34,094:INFO:Initializing create_model()
2025-04-05 22:09:34,094:INFO:create_model(self=<pycaret.anomaly.oop.AnomalyExperiment object at 0x0000028968044610>, estimator=iforest, num_clusters=4, fraction=0.05, ground_truth=None, round=4, fit_kwargs=None, experiment_custom_tags=None, verbose=True, system=True, add_to_model_list=True, raise_num_clusters=False, display=None, kwargs={})
2025-04-05 22:09:34,094:INFO:Checking exceptions
2025-04-05 22:09:34,344:INFO:Importing untrained model
2025-04-05 22:09:34,344:INFO:Isolation Forest Imported successfully
2025-04-05 22:09:34,344:INFO:Fitting Model
2025-04-05 22:09:45,295:INFO:IForest(behaviour='new', bootstrap=False, contamination=0.05,
    max_features=1.0, max_samples='auto', n_estimators=100, n_jobs=-1,
    random_state=42, verbose=0)
2025-04-05 22:09:45,295:INFO:create_models() successfully completed......................................
2025-04-05 22:09:45,296:INFO:Uploading results into container
2025-04-05 22:09:45,296:INFO:Uploading model into container now
2025-04-05 22:09:45,296:INFO:_master_model_container: 1
2025-04-05 22:09:45,296:INFO:_display_container: 1
2025-04-05 22:09:45,296:INFO:IForest(behaviour='new', bootstrap=False, contamination=0.05,
    max_features=1.0, max_samples='auto', n_estimators=100, n_jobs=-1,
    random_state=42, verbose=0)
2025-04-05 22:09:45,296:INFO:create_model() successfully completed......................................
2025-04-05 22:09:45,463:INFO:Initializing assign_model()
2025-04-05 22:09:45,463:INFO:assign_model(self=<pycaret.anomaly.oop.AnomalyExperiment object at 0x0000028968044610>, model=IForest(behaviour='new', bootstrap=False, contamination=0.05,
    max_features=1.0, max_samples='auto', n_estimators=100, n_jobs=-1,
    random_state=42, verbose=0), transformation=False, score=True, verbose=True)
2025-04-05 22:09:45,463:INFO:Checking exceptions
2025-04-05 22:09:45,463:INFO:Determining Trained Model
2025-04-05 22:09:45,463:INFO:Trained Model : Isolation Forest
2025-04-05 22:09:45,463:INFO:Copying data
2025-04-05 22:09:45,573:INFO:(912862, 36)
2025-04-05 22:09:45,573:INFO:assign_model() successfully completed......................................
2025-04-05 22:09:45,573:INFO:Initializing predict_model()
2025-04-05 22:09:45,573:INFO:predict_model(self=<pycaret.anomaly.oop.AnomalyExperiment object at 0x0000028968044610>, estimator=IForest(behaviour='new', bootstrap=False, contamination=0.05,
    max_features=1.0, max_samples='auto', n_estimators=100, n_jobs=-1,
    random_state=42, verbose=0), ml_usecase=None)
